[debug] [2026-04-17T05:24:41.884Z] ----------------------------------------------------------------------
[debug] [2026-04-17T05:24:41.888Z] Command:       C:\Program Files\nodejs\node.exe C:\Users\josep\AppData\Roaming\npm\node_modules\firebase-tools\lib\bin\firebase.js deploy --only firestore:rules
[debug] [2026-04-17T05:24:41.889Z] CLI Version:   14.19.1
[debug] [2026-04-17T05:24:41.889Z] Platform:      win32
[debug] [2026-04-17T05:24:41.889Z] Node Version:  v24.6.0
[debug] [2026-04-17T05:24:41.889Z] Time:          Fri Apr 17 2026 00:24:41 GMT-0500 (hora estándar de Perú)
[debug] [2026-04-17T05:24:41.890Z] ----------------------------------------------------------------------
[debug] 
[debug] [2026-04-17T05:24:41.893Z] >>> [apiv2][query] GET https://firebase-public.firebaseio.com/cli.json [none]
[error] 
[error] Error: Not in a Firebase app directory (could not locate firebase.json)
[debug] [2026-04-17T05:24:42.565Z] Error: EBUSY: resource busy or locked, unlink 'C:\Users\josep\Imágenes\Proyectos\Coding\IAJURICA_frontend\firebase-debug.log'
    at Object.unlinkSync (node:fs:1942:11)
    at process.<anonymous> (C:\Users\josep\AppData\Roaming\npm\node_modules\firebase-tools\lib\bin\cli.js:44:16)
    at process.emit (node:events:520:35)
    at process.exit (node:internal/process/per_thread:236:15)
    at Timeout._onTimeout (C:\Users\josep\AppData\Roaming\npm\node_modules\firebase-tools\lib\errorOut.js:20:17)
    at listOnTimeout (node:internal/timers:608:17)
    at process.processTimers (node:internal/timers:543:7)
[error] 
[error] Error: An unexpected error has occurred.
